{"C:\\simple-posts-system\\controllers\\postsController.js": {"path":"C:\\simple-posts-system\\controllers\\postsController.js","statementMap":{"0":{"start":{"line":1,"column":12},"end":{"line":1,"column":14}},"1":{"start":{"line":3,"column":0},"end":{"line":5,"column":1}},"2":{"start":{"line":4,"column":4},"end":{"line":4,"column":20}},"3":{"start":{"line":6,"column":0},"end":{"line":14,"column":1}},"4":{"start":{"line":7,"column":15},"end":{"line":7,"column":28}},"5":{"start":{"line":8,"column":17},"end":{"line":8,"column":45}},"6":{"start":{"line":8,"column":33},"end":{"line":8,"column":44}},"7":{"start":{"line":10,"column":4},"end":{"line":11,"column":59}},"8":{"start":{"line":11,"column":8},"end":{"line":11,"column":59}},"9":{"start":{"line":13,"column":4},"end":{"line":13,"column":19}},"10":{"start":{"line":15,"column":0},"end":{"line":27,"column":1}},"11":{"start":{"line":16,"column":31},"end":{"line":16,"column":39}},"12":{"start":{"line":18,"column":4},"end":{"line":19,"column":57}},"13":{"start":{"line":18,"column":24},"end":{"line":18,"column":35}},"14":{"start":{"line":19,"column":8},"end":{"line":19,"column":57}},"15":{"start":{"line":20,"column":4},"end":{"line":21,"column":88}},"16":{"start":{"line":21,"column":8},"end":{"line":21,"column":88}},"17":{"start":{"line":23,"column":17},"end":{"line":23,"column":35}},"18":{"start":{"line":24,"column":4},"end":{"line":24,"column":20}},"19":{"start":{"line":26,"column":4},"end":{"line":26,"column":31}},"20":{"start":{"line":28,"column":0},"end":{"line":41,"column":1}},"21":{"start":{"line":29,"column":15},"end":{"line":29,"column":28}},"22":{"start":{"line":30,"column":27},"end":{"line":30,"column":35}},"23":{"start":{"line":31,"column":17},"end":{"line":31,"column":45}},"24":{"start":{"line":31,"column":33},"end":{"line":31,"column":44}},"25":{"start":{"line":33,"column":4},"end":{"line":34,"column":88}},"26":{"start":{"line":34,"column":8},"end":{"line":34,"column":88}},"27":{"start":{"line":35,"column":4},"end":{"line":36,"column":59}},"28":{"start":{"line":36,"column":8},"end":{"line":36,"column":59}},"29":{"start":{"line":38,"column":4},"end":{"line":38,"column":21}},"30":{"start":{"line":39,"column":4},"end":{"line":39,"column":21}},"31":{"start":{"line":40,"column":4},"end":{"line":40,"column":19}},"32":{"start":{"line":42,"column":0},"end":{"line":51,"column":1}},"33":{"start":{"line":43,"column":15},"end":{"line":43,"column":28}},"34":{"start":{"line":44,"column":18},"end":{"line":44,"column":51}},"35":{"start":{"line":44,"column":39},"end":{"line":44,"column":50}},"36":{"start":{"line":46,"column":4},"end":{"line":47,"column":58}},"37":{"start":{"line":47,"column":8},"end":{"line":47,"column":58}},"38":{"start":{"line":49,"column":4},"end":{"line":49,"column":27}},"39":{"start":{"line":50,"column":4},"end":{"line":50,"column":27}}},"fnMap":{"0":{"name":"(anonymous_0)","decl":{"start":{"line":3,"column":22},"end":{"line":3,"column":23}},"loc":{"start":{"line":3,"column":36},"end":{"line":5,"column":1}},"line":3},"1":{"name":"(anonymous_1)","decl":{"start":{"line":6,"column":22},"end":{"line":6,"column":23}},"loc":{"start":{"line":6,"column":36},"end":{"line":14,"column":1}},"line":6},"2":{"name":"(anonymous_2)","decl":{"start":{"line":8,"column":28},"end":{"line":8,"column":29}},"loc":{"start":{"line":8,"column":33},"end":{"line":8,"column":44}},"line":8},"3":{"name":"(anonymous_3)","decl":{"start":{"line":15,"column":21},"end":{"line":15,"column":22}},"loc":{"start":{"line":15,"column":35},"end":{"line":27,"column":1}},"line":15},"4":{"name":"(anonymous_4)","decl":{"start":{"line":18,"column":19},"end":{"line":18,"column":20}},"loc":{"start":{"line":18,"column":24},"end":{"line":18,"column":35}},"line":18},"5":{"name":"(anonymous_5)","decl":{"start":{"line":28,"column":25},"end":{"line":28,"column":26}},"loc":{"start":{"line":28,"column":39},"end":{"line":41,"column":1}},"line":28},"6":{"name":"(anonymous_6)","decl":{"start":{"line":31,"column":28},"end":{"line":31,"column":29}},"loc":{"start":{"line":31,"column":33},"end":{"line":31,"column":44}},"line":31},"7":{"name":"(anonymous_7)","decl":{"start":{"line":42,"column":25},"end":{"line":42,"column":26}},"loc":{"start":{"line":42,"column":39},"end":{"line":51,"column":1}},"line":42},"8":{"name":"(anonymous_8)","decl":{"start":{"line":44,"column":34},"end":{"line":44,"column":35}},"loc":{"start":{"line":44,"column":39},"end":{"line":44,"column":50}},"line":44}},"branchMap":{"0":{"loc":{"start":{"line":10,"column":4},"end":{"line":11,"column":59}},"type":"if","locations":[{"start":{"line":10,"column":4},"end":{"line":11,"column":59}},{"start":{},"end":{}}],"line":10},"1":{"loc":{"start":{"line":18,"column":4},"end":{"line":19,"column":57}},"type":"if","locations":[{"start":{"line":18,"column":4},"end":{"line":19,"column":57}},{"start":{},"end":{}}],"line":18},"2":{"loc":{"start":{"line":20,"column":4},"end":{"line":21,"column":88}},"type":"if","locations":[{"start":{"line":20,"column":4},"end":{"line":21,"column":88}},{"start":{},"end":{}}],"line":20},"3":{"loc":{"start":{"line":20,"column":8},"end":{"line":20,"column":86}},"type":"binary-expr","locations":[{"start":{"line":20,"column":8},"end":{"line":20,"column":30}},{"start":{"line":20,"column":34},"end":{"line":20,"column":58}},{"start":{"line":20,"column":62},"end":{"line":20,"column":86}}],"line":20},"4":{"loc":{"start":{"line":33,"column":4},"end":{"line":34,"column":88}},"type":"if","locations":[{"start":{"line":33,"column":4},"end":{"line":34,"column":88}},{"start":{},"end":{}}],"line":33},"5":{"loc":{"start":{"line":33,"column":8},"end":{"line":33,"column":60}},"type":"binary-expr","locations":[{"start":{"line":33,"column":8},"end":{"line":33,"column":32}},{"start":{"line":33,"column":36},"end":{"line":33,"column":60}}],"line":33},"6":{"loc":{"start":{"line":35,"column":4},"end":{"line":36,"column":59}},"type":"if","locations":[{"start":{"line":35,"column":4},"end":{"line":36,"column":59}},{"start":{},"end":{}}],"line":35},"7":{"loc":{"start":{"line":46,"column":4},"end":{"line":47,"column":58}},"type":"if","locations":[{"start":{"line":46,"column":4},"end":{"line":47,"column":58}},{"start":{},"end":{}}],"line":46}},"s":{"0":1,"1":1,"2":0,"3":1,"4":0,"5":0,"6":0,"7":0,"8":0,"9":0,"10":1,"11":1,"12":1,"13":0,"14":0,"15":1,"16":0,"17":1,"18":1,"19":1,"20":1,"21":1,"22":1,"23":1,"24":1,"25":1,"26":0,"27":1,"28":0,"29":1,"30":1,"31":1,"32":1,"33":1,"34":1,"35":1,"36":1,"37":0,"38":1,"39":1},"f":{"0":0,"1":0,"2":0,"3":1,"4":0,"5":1,"6":1,"7":1,"8":1},"b":{"0":[0,0],"1":[0,1],"2":[0,1],"3":[1,1,1],"4":[0,1],"5":[1,1],"6":[0,1],"7":[0,1]},"_coverageSchema":"1a1c01bbd47fc00a2c39e90264f33305004495a9","hash":"92ef6d3a1268a0d1c712fcd8d9a4cd55d03df9a2"}
}
