{"C:\\Users\\user\\Documents\\GitHub\\simple-posts-system\\config\\database.js": {"path":"C:\\Users\\user\\Documents\\GitHub\\simple-posts-system\\config\\database.js","statementMap":{"0":{"start":{"line":1,"column":22},"end":{"line":1,"column":42}},"1":{"start":{"line":2,"column":0},"end":{"line":2,"column":27}},"2":{"start":{"line":5,"column":18},"end":{"line":22,"column":1}},"3":{"start":{"line":24,"column":0},"end":{"line":24,"column":27}}},"fnMap":{},"branchMap":{"0":{"loc":{"start":{"line":10,"column":10},"end":{"line":10,"column":44}},"type":"binary-expr","locations":[{"start":{"line":10,"column":10},"end":{"line":10,"column":29}},{"start":{"line":10,"column":33},"end":{"line":10,"column":44}}],"line":10},"1":{"loc":{"start":{"line":11,"column":10},"end":{"line":11,"column":45}},"type":"binary-expr","locations":[{"start":{"line":11,"column":10},"end":{"line":11,"column":37}},{"start":{"line":11,"column":41},"end":{"line":11,"column":45}}],"line":11}},"s":{"0":3,"1":3,"2":3,"3":3},"f":{},"b":{"0":[3,0],"1":[3,0]},"_coverageSchema":"1a1c01bbd47fc00a2c39e90264f33305004495a9","hash":"d73f28c7f128be42859326b2dc69c0fccdda1527"}
,"C:\\Users\\user\\Documents\\GitHub\\simple-posts-system\\controllers\\postsController.js": {"path":"C:\\Users\\user\\Documents\\GitHub\\simple-posts-system\\controllers\\postsController.js","statementMap":{"0":{"start":{"line":1,"column":20},"end":{"line":1,"column":54}},"1":{"start":{"line":3,"column":0},"end":{"line":10,"column":2}},"2":{"start":{"line":4,"column":4},"end":{"line":9,"column":5}},"3":{"start":{"line":5,"column":22},"end":{"line":5,"column":48}},"4":{"start":{"line":6,"column":8},"end":{"line":6,"column":24}},"5":{"start":{"line":8,"column":8},"end":{"line":8,"column":88}},"6":{"start":{"line":12,"column":0},"end":{"line":20,"column":2}},"7":{"start":{"line":13,"column":4},"end":{"line":19,"column":5}},"8":{"start":{"line":14,"column":21},"end":{"line":14,"column":61}},"9":{"start":{"line":15,"column":8},"end":{"line":15,"column":83}},"10":{"start":{"line":15,"column":19},"end":{"line":15,"column":83}},"11":{"start":{"line":16,"column":8},"end":{"line":16,"column":23}},"12":{"start":{"line":18,"column":8},"end":{"line":18,"column":87}},"13":{"start":{"line":22,"column":0},"end":{"line":35,"column":2}},"14":{"start":{"line":23,"column":4},"end":{"line":34,"column":5}},"15":{"start":{"line":24,"column":43},"end":{"line":24,"column":51}},"16":{"start":{"line":25,"column":8},"end":{"line":27,"column":9}},"17":{"start":{"line":26,"column":12},"end":{"line":26,"column":100}},"18":{"start":{"line":29,"column":21},"end":{"line":29,"column":73}},"19":{"start":{"line":30,"column":8},"end":{"line":30,"column":35}},"20":{"start":{"line":32,"column":23},"end":{"line":32,"column":76}},"21":{"start":{"line":33,"column":8},"end":{"line":33,"column":89}},"22":{"start":{"line":37,"column":0},"end":{"line":46,"column":2}},"23":{"start":{"line":38,"column":4},"end":{"line":45,"column":5}},"24":{"start":{"line":39,"column":28},"end":{"line":39,"column":77}},"25":{"start":{"line":40,"column":8},"end":{"line":40,"column":90}},"26":{"start":{"line":40,"column":26},"end":{"line":40,"column":90}},"27":{"start":{"line":41,"column":8},"end":{"line":41,"column":30}},"28":{"start":{"line":43,"column":23},"end":{"line":43,"column":76}},"29":{"start":{"line":44,"column":8},"end":{"line":44,"column":93}},"30":{"start":{"line":48,"column":0},"end":{"line":56,"column":2}},"31":{"start":{"line":49,"column":4},"end":{"line":55,"column":5}},"32":{"start":{"line":50,"column":24},"end":{"line":50,"column":63}},"33":{"start":{"line":51,"column":8},"end":{"line":51,"column":86}},"34":{"start":{"line":51,"column":22},"end":{"line":51,"column":86}},"35":{"start":{"line":52,"column":8},"end":{"line":52,"column":31}},"36":{"start":{"line":54,"column":8},"end":{"line":54,"column":88}},"37":{"start":{"line":58,"column":0},"end":{"line":68,"column":2}},"38":{"start":{"line":59,"column":4},"end":{"line":67,"column":5}},"39":{"start":{"line":60,"column":22},"end":{"line":60,"column":31}},"40":{"start":{"line":61,"column":8},"end":{"line":61,"column":89}},"41":{"start":{"line":61,"column":16},"end":{"line":61,"column":89}},"42":{"start":{"line":63,"column":22},"end":{"line":63,"column":49}},"43":{"start":{"line":64,"column":8},"end":{"line":64,"column":68}},"44":{"start":{"line":66,"column":8},"end":{"line":66,"column":88}}},"fnMap":{"0":{"name":"(anonymous_0)","decl":{"start":{"line":3,"column":22},"end":{"line":3,"column":23}},"loc":{"start":{"line":3,"column":42},"end":{"line":10,"column":1}},"line":3},"1":{"name":"(anonymous_1)","decl":{"start":{"line":12,"column":22},"end":{"line":12,"column":23}},"loc":{"start":{"line":12,"column":42},"end":{"line":20,"column":1}},"line":12},"2":{"name":"(anonymous_2)","decl":{"start":{"line":22,"column":21},"end":{"line":22,"column":22}},"loc":{"start":{"line":22,"column":41},"end":{"line":35,"column":1}},"line":22},"3":{"name":"(anonymous_3)","decl":{"start":{"line":37,"column":25},"end":{"line":37,"column":26}},"loc":{"start":{"line":37,"column":45},"end":{"line":46,"column":1}},"line":37},"4":{"name":"(anonymous_4)","decl":{"start":{"line":48,"column":25},"end":{"line":48,"column":26}},"loc":{"start":{"line":48,"column":45},"end":{"line":56,"column":1}},"line":48},"5":{"name":"(anonymous_5)","decl":{"start":{"line":58,"column":22},"end":{"line":58,"column":23}},"loc":{"start":{"line":58,"column":42},"end":{"line":68,"column":1}},"line":58}},"branchMap":{"0":{"loc":{"start":{"line":15,"column":8},"end":{"line":15,"column":83}},"type":"if","locations":[{"start":{"line":15,"column":8},"end":{"line":15,"column":83}},{"start":{},"end":{}}],"line":15},"1":{"loc":{"start":{"line":25,"column":8},"end":{"line":27,"column":9}},"type":"if","locations":[{"start":{"line":25,"column":8},"end":{"line":27,"column":9}},{"start":{},"end":{}}],"line":25},"2":{"loc":{"start":{"line":25,"column":12},"end":{"line":25,"column":41}},"type":"binary-expr","locations":[{"start":{"line":25,"column":12},"end":{"line":25,"column":18}},{"start":{"line":25,"column":22},"end":{"line":25,"column":30}},{"start":{"line":25,"column":34},"end":{"line":25,"column":41}}],"line":25},"3":{"loc":{"start":{"line":32,"column":23},"end":{"line":32,"column":76}},"type":"cond-expr","locations":[{"start":{"line":32,"column":67},"end":{"line":32,"column":70}},{"start":{"line":32,"column":73},"end":{"line":32,"column":76}}],"line":32},"4":{"loc":{"start":{"line":40,"column":8},"end":{"line":40,"column":90}},"type":"if","locations":[{"start":{"line":40,"column":8},"end":{"line":40,"column":90}},{"start":{},"end":{}}],"line":40},"5":{"loc":{"start":{"line":43,"column":23},"end":{"line":43,"column":76}},"type":"cond-expr","locations":[{"start":{"line":43,"column":67},"end":{"line":43,"column":70}},{"start":{"line":43,"column":73},"end":{"line":43,"column":76}}],"line":43},"6":{"loc":{"start":{"line":51,"column":8},"end":{"line":51,"column":86}},"type":"if","locations":[{"start":{"line":51,"column":8},"end":{"line":51,"column":86}},{"start":{},"end":{}}],"line":51},"7":{"loc":{"start":{"line":61,"column":8},"end":{"line":61,"column":89}},"type":"if","locations":[{"start":{"line":61,"column":8},"end":{"line":61,"column":89}},{"start":{},"end":{}}],"line":61}},"s":{"0":1,"1":1,"2":0,"3":0,"4":0,"5":0,"6":1,"7":0,"8":0,"9":0,"10":0,"11":0,"12":0,"13":1,"14":1,"15":1,"16":1,"17":0,"18":1,"19":1,"20":0,"21":0,"22":1,"23":1,"24":1,"25":1,"26":0,"27":1,"28":0,"29":0,"30":1,"31":2,"32":2,"33":2,"34":1,"35":1,"36":0,"37":1,"38":0,"39":0,"40":0,"41":0,"42":0,"43":0,"44":0},"f":{"0":0,"1":0,"2":1,"3":1,"4":2,"5":0},"b":{"0":[0,0],"1":[0,1],"2":[1,1,1],"3":[0,0],"4":[0,1],"5":[0,0],"6":[1,1],"7":[0,0]},"_coverageSchema":"1a1c01bbd47fc00a2c39e90264f33305004495a9","hash":"1e1ec5a2a3e66d183a281c70bb0e9fc2caa10294"}
,"C:\\Users\\user\\Documents\\GitHub\\simple-posts-system\\models\\Post.js": {"path":"C:\\Users\\user\\Documents\\GitHub\\simple-posts-system\\models\\Post.js","statementMap":{"0":{"start":{"line":1,"column":22},"end":{"line":1,"column":42}},"1":{"start":{"line":2,"column":18},"end":{"line":2,"column":47}},"2":{"start":{"line":4,"column":13},"end":{"line":25,"column":2}},"3":{"start":{"line":27,"column":0},"end":{"line":27,"column":22}}},"fnMap":{},"branchMap":{},"s":{"0":2,"1":2,"2":2,"3":2},"f":{},"b":{},"_coverageSchema":"1a1c01bbd47fc00a2c39e90264f33305004495a9","hash":"dddebeceb8e85dd4938d8c706ef7fb60f160e069"}
,"C:\\Users\\user\\Documents\\GitHub\\simple-posts-system\\services\\postService.js": {"path":"C:\\Users\\user\\Documents\\GitHub\\simple-posts-system\\services\\postService.js","statementMap":{"0":{"start":{"line":1,"column":13},"end":{"line":1,"column":38}},"1":{"start":{"line":2,"column":15},"end":{"line":2,"column":35}},"2":{"start":{"line":6,"column":8},"end":{"line":6,"column":70}},"3":{"start":{"line":10,"column":8},"end":{"line":10,"column":39}},"4":{"start":{"line":14,"column":8},"end":{"line":14,"column":39}},"5":{"start":{"line":18,"column":21},"end":{"line":18,"column":44}},"6":{"start":{"line":19,"column":8},"end":{"line":19,"column":31}},"7":{"start":{"line":19,"column":19},"end":{"line":19,"column":31}},"8":{"start":{"line":20,"column":8},"end":{"line":20,"column":39}},"9":{"start":{"line":24,"column":21},"end":{"line":24,"column":44}},"10":{"start":{"line":25,"column":8},"end":{"line":25,"column":31}},"11":{"start":{"line":25,"column":19},"end":{"line":25,"column":31}},"12":{"start":{"line":26,"column":8},"end":{"line":26,"column":36}},"13":{"start":{"line":30,"column":29},"end":{"line":30,"column":54}},"14":{"start":{"line":31,"column":8},"end":{"line":40,"column":11}},"15":{"start":{"line":44,"column":0},"end":{"line":44,"column":35}}},"fnMap":{"0":{"name":"(anonymous_0)","decl":{"start":{"line":5,"column":4},"end":{"line":5,"column":5}},"loc":{"start":{"line":5,"column":19},"end":{"line":7,"column":5}},"line":5},"1":{"name":"(anonymous_1)","decl":{"start":{"line":9,"column":4},"end":{"line":9,"column":5}},"loc":{"start":{"line":9,"column":23},"end":{"line":11,"column":5}},"line":9},"2":{"name":"(anonymous_2)","decl":{"start":{"line":13,"column":4},"end":{"line":13,"column":5}},"loc":{"start":{"line":13,"column":23},"end":{"line":15,"column":5}},"line":13},"3":{"name":"(anonymous_3)","decl":{"start":{"line":17,"column":4},"end":{"line":17,"column":5}},"loc":{"start":{"line":17,"column":27},"end":{"line":21,"column":5}},"line":17},"4":{"name":"(anonymous_4)","decl":{"start":{"line":23,"column":4},"end":{"line":23,"column":5}},"loc":{"start":{"line":23,"column":21},"end":{"line":27,"column":5}},"line":23},"5":{"name":"(anonymous_5)","decl":{"start":{"line":29,"column":4},"end":{"line":29,"column":5}},"loc":{"start":{"line":29,"column":24},"end":{"line":41,"column":5}},"line":29}},"branchMap":{"0":{"loc":{"start":{"line":19,"column":8},"end":{"line":19,"column":31}},"type":"if","locations":[{"start":{"line":19,"column":8},"end":{"line":19,"column":31}},{"start":{},"end":{}}],"line":19},"1":{"loc":{"start":{"line":25,"column":8},"end":{"line":25,"column":31}},"type":"if","locations":[{"start":{"line":25,"column":8},"end":{"line":25,"column":31}},{"start":{},"end":{}}],"line":25}},"s":{"0":2,"1":2,"2":1,"3":0,"4":1,"5":0,"6":0,"7":0,"8":0,"9":0,"10":0,"11":0,"12":0,"13":0,"14":0,"15":2},"f":{"0":1,"1":0,"2":1,"3":0,"4":0,"5":0},"b":{"0":[0,0],"1":[0,0]},"_coverageSchema":"1a1c01bbd47fc00a2c39e90264f33305004495a9","hash":"c7985d0d03674549049058523684f4e62fb492de"}
}
